<?xml version="1.0" encoding="UTF-8"?>
<testng-results ignored="0" total="1" passed="1" failed="0" skipped="0">
  <reporter-output>
  </reporter-output>
  <suite started-at="2021-01-31T17:29:15 CST" name="Default suite" finished-at="2021-01-31T17:29:29 CST" duration-ms="13017">
    <groups>
      <group name="cucumber">
        <method signature="demoblazeRunner.feature(cucumber.api.testng.CucumberFeatureWrapper)[pri:0, instance:RunnerFile.demoblazeRunner@22ff4249]" name="feature" class="RunnerFile.demoblazeRunner"/>
      </group> <!-- cucumber -->
    </groups>
    <test started-at="2021-01-31T17:29:15 CST" name="Default test" finished-at="2021-01-31T17:29:29 CST" duration-ms="13017">
      <class name="RunnerFile.demoblazeRunner">
        <test-method is-config="true" signature="setUpClass()[pri:0, instance:RunnerFile.demoblazeRunner@22ff4249]" started-at="2021-01-31T17:29:16 CST" name="setUpClass" finished-at="2021-01-31T17:29:16 CST" duration-ms="288" status="PASS">
          <reporter-output>
          </reporter-output>
        </test-method> <!-- setUpClass -->
        <test-method signature="feature(cucumber.api.testng.CucumberFeatureWrapper)[pri:0, instance:RunnerFile.demoblazeRunner@22ff4249]" started-at="2021-01-31T17:29:16 CST" name="feature" description="Runs Cucumber Feature" data-provider="features" finished-at="2021-01-31T17:29:28 CST" duration-ms="12299" status="PASS">
          <params>
            <param index="0">
              <value>
                <![CDATA[This is Demoblaze login scenario.]]>
              </value>
            </param>
          </params>
          <reporter-output>
          </reporter-output>
        </test-method> <!-- feature -->
        <test-method is-config="true" signature="tearDownClass()[pri:0, instance:RunnerFile.demoblazeRunner@22ff4249]" started-at="2021-01-31T17:29:28 CST" name="tearDownClass" finished-at="2021-01-31T17:29:29 CST" duration-ms="293" status="PASS">
          <reporter-output>
          </reporter-output>
        </test-method> <!-- tearDownClass -->
      </class> <!-- RunnerFile.demoblazeRunner -->
    </test> <!-- Default test -->
  </suite> <!-- Default suite -->
</testng-results>
